2018-02-21 19:15:12,177 moss INFO Attempting to run module test_module_1
2018-02-21 19:15:32,163 moss INFO Attempting to run module precheck_get_facts
2018-02-21 19:15:32,164 moss INFO Attempting to run device operation cisco_ios_get_facts
2018-02-21 19:15:32,927 moss INFO Successfully ran device operation cisco_ios_get_facts
2018-02-21 19:15:32,963 moss INFO Successfully ran module precheck_get_facts
2018-02-21 19:15:37,893 moss INFO Attempting to run module precheck_get_facts
2018-02-21 19:15:37,893 moss INFO Attempting to run device operation cisco_ios_get_facts
2018-02-21 19:15:38,660 moss INFO Successfully ran device operation cisco_ios_get_facts
2018-02-21 19:15:38,662 moss INFO Successfully ran module precheck_get_facts
2018-02-21 19:19:51,755 moss INFO Attempting to run module precheck_get_facts
2018-02-21 19:19:51,755 moss INFO Attempting to run device operation cisco_ios_get_facts
2018-02-21 19:19:52,533 moss INFO Successfully ran device operation cisco_ios_get_facts
2018-02-21 19:19:52,577 moss INFO Successfully ran module precheck_get_facts
2018-02-21 19:19:52,580 moss INFO Attempting to run module precheck_store_configuration
2018-02-21 19:19:52,580 moss INFO Successfully ran module precheck_store_configuration
2018-02-21 19:19:57,444 moss INFO Attempting to run module precheck_get_facts
2018-02-21 19:19:57,445 moss INFO Attempting to run device operation cisco_ios_get_facts
2018-02-21 19:19:58,212 moss INFO Successfully ran device operation cisco_ios_get_facts
2018-02-21 19:19:58,213 moss INFO Successfully ran module precheck_get_facts
2018-02-21 19:19:58,215 moss INFO Attempting to run module precheck_store_configuration
2018-02-21 19:19:58,215 moss INFO Successfully ran module precheck_store_configuration
2018-02-21 19:39:21,896 moss INFO Attempting to run module precheck_get_facts
2018-02-21 19:39:21,896 moss INFO Attempting to run device operation cisco_ios_get_facts
2018-02-21 19:39:22,680 moss INFO Successfully ran device operation cisco_ios_get_facts
2018-02-21 19:39:22,732 moss INFO Successfully ran module precheck_get_facts
2018-02-21 19:39:22,734 moss INFO Attempting to run module precheck_store_configuration
2018-02-21 19:39:22,734 moss INFO Successfully ran module precheck_store_configuration
2018-02-21 19:39:22,737 moss INFO Attempting to run module precheck_current_interface_configuration
2018-02-21 19:39:22,737 moss INFO Successfully ran module precheck_current_interface_configuration
2018-02-21 19:39:27,663 moss INFO Attempting to run module precheck_get_facts
2018-02-21 19:39:27,664 moss INFO Attempting to run device operation cisco_ios_get_facts
2018-02-21 19:39:28,427 moss INFO Successfully ran device operation cisco_ios_get_facts
2018-02-21 19:39:28,428 moss INFO Successfully ran module precheck_get_facts
2018-02-21 19:39:28,430 moss INFO Attempting to run module precheck_store_configuration
2018-02-21 19:39:28,430 moss INFO Successfully ran module precheck_store_configuration
2018-02-21 19:39:28,432 moss INFO Attempting to run module precheck_current_interface_configuration
2018-02-21 19:39:28,432 moss INFO Successfully ran module precheck_current_interface_configuration
2018-02-21 19:45:28,434 moss INFO Attempting to run module precheck_get_facts
2018-02-21 19:45:28,435 moss INFO Attempting to run device operation cisco_ios_get_facts
2018-02-21 19:45:29,217 moss INFO Successfully ran device operation cisco_ios_get_facts
2018-02-21 19:45:29,266 moss INFO Successfully ran module precheck_get_facts
2018-02-21 19:45:29,269 moss INFO Attempting to run module precheck_store_configuration
2018-02-21 19:45:29,269 moss INFO Successfully ran module precheck_store_configuration
2018-02-21 19:45:29,272 moss INFO Attempting to run module precheck_current_interface_configuration
2018-02-21 19:45:29,272 moss INFO Attempting to run device operation cisco_ios_show_interfaces
2018-02-21 19:45:30,529 moss INFO Successfully ran device operation cisco_ios_show_interfaces
2018-02-21 19:45:30,533 moss INFO Successfully ran module precheck_current_interface_configuration
2018-02-21 19:54:53,723 moss INFO Attempting to run module precheck_get_facts
2018-02-21 19:54:53,730 moss INFO Attempting to run device operation cisco_ios_get_facts
2018-02-21 19:54:54,504 moss INFO Successfully ran device operation cisco_ios_get_facts
2018-02-21 19:54:54,551 moss INFO Successfully ran module precheck_get_facts
2018-02-21 19:54:54,552 moss INFO Attempting to run module precheck_store_configuration
2018-02-21 19:54:54,552 moss INFO Successfully ran module precheck_store_configuration
2018-02-21 19:54:54,554 moss INFO Attempting to run module precheck_current_interface_configuration
2018-02-21 19:54:54,554 moss INFO Attempting to run device operation cisco_ios_show_interfaces
2018-02-21 19:54:55,811 moss INFO Successfully ran device operation cisco_ios_show_interfaces
